{"numFailedTestSuites":0,"numFailedTests":0,"numPassedTestSuites":17,"numPassedTests":109,"numPendingTestSuites":0,"numPendingTests":0,"numRuntimeErrorTestSuites":0,"numTodoTests":0,"numTotalTestSuites":17,"numTotalTests":109,"openHandles":[],"snapshot":{"added":0,"didUpdate":false,"failure":false,"filesAdded":0,"filesRemoved":0,"filesRemovedList":[],"filesUnmatched":0,"filesUpdated":0,"matched":0,"total":0,"unchecked":0,"uncheckedKeysByFile":[],"unmatched":0,"updated":0},"startTime":1769783236829,"success":true,"testResults":[{"assertionResults":[{"ancestorTitles":["AuthService","getState"],"duration":26,"failing":false,"failureDetails":[],"failureMessages":[],"fullName":"AuthService getState should return current auth state","invocations":1,"location":null,"numPassingAsserts":3,"retryReasons":[],"startAt":1769783237425,"status":"passed","title":"should return current auth state"},{"ancestorTitles":["AuthService","getState"],"duration":4,"failing":false,"failureDetails":[],"failureMessages":[],"fullName":"AuthService getState should have initial state with null user","invocations":1,"location":null,"numPassingAsserts":1,"retryReasons":[],"startAt":1769783237452,"status":"passed","title":"should have initial state with null user"},{"ancestorTitles":["AuthService","subscribe"],"duration":68,"failing":false,"failureDetails":[],"failureMessages":[],"fullName":"AuthService subscribe should add listener and call it immediately with current state","invocations":1,"location":null,"numPassingAsserts":2,"retryReasons":[],"startAt":1769783237456,"status":"passed","title":"should add listener and call it immediately with current state"},{"ancestorTitles":["AuthService","subscribe"],"duration":13,"failing":false,"failureDetails":[],"failureMessages":[],"fullName":"AuthService subscribe should return unsubscribe function","invocations":1,"location":null,"numPassingAsserts":1,"retryReasons":[],"startAt":1769783237524,"status":"passed","title":"should return unsubscribe function"},{"ancestorTitles":["AuthService","subscribe"],"duration":16,"failing":false,"failureDetails":[],"failureMessages":[],"fullName":"AuthService subscribe should stop calling listener after unsubscribe","invocations":1,"location":null,"numPassingAsserts":1,"retryReasons":[],"startAt":1769783237537,"status":"passed","title":"should stop calling listener after unsubscribe"},{"ancestorTitles":["AuthService","signInWithEmail"],"duration":12,"failing":false,"failureDetails":[],"failureMessages":[],"fullName":"AuthService signInWithEmail should call Firebase signInWithEmailAndPassword with verified user","invocations":1,"location":null,"numPassingAsserts":3,"retryReasons":[],"startAt":1769783237553,"status":"passed","title":"should call Firebase signInWithEmailAndPassword with verified user"},{"ancestorTitles":["AuthService","signInWithEmail"],"duration":22,"failing":false,"failureDetails":[],"failureMessages":[],"fullName":"AuthService signInWithEmail should reject unverified email users","invocations":1,"location":null,"numPassingAsserts":1,"retryReasons":[],"startAt":1769783237566,"status":"passed","title":"should reject unverified email users"},{"ancestorTitles":["AuthService","signUp"],"duration":10,"failing":false,"failureDetails":[],"failureMessages":[],"fullName":"AuthService signUp should handle email already in use error","invocations":1,"location":null,"numPassingAsserts":1,"retryReasons":[],"startAt":1769783237589,"status":"passed","title":"should handle email already in use error"},{"ancestorTitles":["AuthService","sendPasswordReset"],"duration":260,"failing":false,"failureDetails":[],"failureMessages":[],"fullName":"AuthService sendPasswordReset should call Firebase sendPasswordResetEmail","invocations":1,"location":null,"numPassingAsserts":1,"retryReasons":[],"startAt":1769783237600,"status":"passed","title":"should call Firebase sendPasswordResetEmail"},{"ancestorTitles":["AuthService","signOut"],"duration":11,"failing":false,"failureDetails":[],"failureMessages":[],"fullName":"AuthService signOut should call Firebase signOut","invocations":1,"location":null,"numPassingAsserts":1,"retryReasons":[],"startAt":1769783237861,"status":"passed","title":"should call Firebase signOut"},{"ancestorTitles":["AuthService","updateProfile"],"duration":83,"failing":false,"failureDetails":[],"failureMessages":[],"fullName":"AuthService updateProfile should throw error when no user is logged in","invocations":1,"location":null,"numPassingAsserts":1,"retryReasons":[],"startAt":1769783237872,"status":"passed","title":"should throw error when no user is logged in"}],"endTime":1769783237959,"message":"","name":"C:\\Users\\user\\Cartify\\src\\services\\__tests__\\authService.test.ts","startTime":1769783236954,"status":"passed","summary":""},{"assertionResults":[{"ancestorTitles":["AuthPage integration flow"],"duration":29,"failing":false,"failureDetails":[],"failureMessages":[],"fullName":"AuthPage integration flow navigates to Forgot Password, submits, and returns to login","invocations":1,"location":null,"numPassingAsserts":5,"retryReasons":[],"startAt":1769783238372,"status":"passed","title":"navigates to Forgot Password, submits, and returns to login"},{"ancestorTitles":["AuthPage integration flow"],"duration":94,"failing":false,"failureDetails":[],"failureMessages":[],"fullName":"AuthPage integration flow registers and shows verification pending screen","invocations":1,"location":null,"numPassingAsserts":5,"retryReasons":[],"startAt":1769783238402,"status":"passed","title":"registers and shows verification pending screen"},{"ancestorTitles":["AuthPage integration flow"],"duration":77,"failing":false,"failureDetails":[],"failureMessages":[],"fullName":"AuthPage integration flow signs in and redirects to tabs","invocations":1,"location":null,"numPassingAsserts":4,"retryReasons":[],"startAt":1769783238496,"status":"passed","title":"signs in and redirects to tabs"}],"endTime":1769783238575,"message":"","name":"C:\\Users\\user\\Cartify\\src\\__tests__\\AuthFlow.integration.test.tsx","startTime":1769783237970,"status":"passed","summary":""},{"assertionResults":[{"ancestorTitles":["TransactionDetailScreen"],"duration":67,"failing":false,"failureDetails":[],"failureMessages":[],"fullName":"TransactionDetailScreen renders not-found state","invocations":1,"location":null,"numPassingAsserts":1,"retryReasons":[],"startAt":1769783238706,"status":"passed","title":"renders not-found state"},{"ancestorTitles":["TransactionDetailScreen"],"duration":61,"failing":false,"failureDetails":[],"failureMessages":[],"fullName":"TransactionDetailScreen navigates back when back button pressed","invocations":1,"location":null,"numPassingAsserts":1,"retryReasons":[],"startAt":1769783238773,"status":"passed","title":"navigates back when back button pressed"}],"endTime":1769783238835,"message":"","name":"C:\\Users\\user\\Cartify\\src\\__tests__\\TransactionDetailScreen.test.tsx","startTime":1769783238580,"status":"passed","summary":""},{"assertionResults":[{"ancestorTitles":["HistoryScreen"],"duration":37,"failing":false,"failureDetails":[],"failureMessages":[],"fullName":"HistoryScreen renders empty state and header","invocations":1,"location":null,"numPassingAsserts":3,"retryReasons":[],"startAt":1769783238981,"status":"passed","title":"renders empty state and header"},{"ancestorTitles":["HistoryScreen"],"duration":33,"failing":false,"failureDetails":[],"failureMessages":[],"fullName":"HistoryScreen toggles calendar","invocations":1,"location":null,"numPassingAsserts":1,"retryReasons":[],"startAt":1769783239018,"status":"passed","title":"toggles calendar"}],"endTime":1769783239053,"message":"","name":"C:\\Users\\user\\Cartify\\src\\__tests__\\HistoryScreen.test.tsx","startTime":1769783238839,"status":"passed","summary":""},{"assertionResults":[{"ancestorTitles":["AuthPage"],"duration":4,"failing":false,"failureDetails":[],"failureMessages":[],"fullName":"AuthPage renders login screen by default","invocations":1,"location":null,"numPassingAsserts":1,"retryReasons":[],"startAt":1769783239203,"status":"passed","title":"renders login screen by default"},{"ancestorTitles":["AuthPage"],"duration":3,"failing":false,"failureDetails":[],"failureMessages":[],"fullName":"AuthPage switches to register screen","invocations":1,"location":null,"numPassingAsserts":1,"retryReasons":[],"startAt":1769783239207,"status":"passed","title":"switches to register screen"},{"ancestorTitles":["AuthPage"],"duration":2,"failing":false,"failureDetails":[],"failureMessages":[],"fullName":"AuthPage navigates to tabs after login success","invocations":1,"location":null,"numPassingAsserts":1,"retryReasons":[],"startAt":1769783239210,"status":"passed","title":"navigates to tabs after login success"},{"ancestorTitles":["AuthPage"],"duration":58,"failing":false,"failureDetails":[],"failureMessages":[],"fullName":"AuthPage shows verification pending after register","invocations":1,"location":null,"numPassingAsserts":1,"retryReasons":[],"startAt":1769783239213,"status":"passed","title":"shows verification pending after register"}],"endTime":1769783239272,"message":"","name":"C:\\Users\\user\\Cartify\\src\\__tests__\\AuthScreen.test.tsx","startTime":1769783239061,"status":"passed","summary":""},{"assertionResults":[{"ancestorTitles":["AuthContext","AuthProvider"],"duration":4,"failing":false,"failureDetails":[],"failureMessages":[],"fullName":"AuthContext AuthProvider should provide auth context to children","invocations":1,"location":null,"numPassingAsserts":3,"retryReasons":[],"startAt":1769783239394,"status":"passed","title":"should provide auth context to children"},{"ancestorTitles":["AuthContext","AuthProvider"],"duration":2,"failing":false,"failureDetails":[],"failureMessages":[],"fullName":"AuthContext AuthProvider should subscribe to auth state changes on mount","invocations":1,"location":null,"numPassingAsserts":2,"retryReasons":[],"startAt":1769783239398,"status":"passed","title":"should subscribe to auth state changes on mount"},{"ancestorTitles":["AuthContext","AuthProvider"],"duration":1,"failing":false,"failureDetails":[],"failureMessages":[],"fullName":"AuthContext AuthProvider should unsubscribe from auth state changes on unmount","invocations":1,"location":null,"numPassingAsserts":1,"retryReasons":[],"startAt":1769783239400,"status":"passed","title":"should unsubscribe from auth state changes on unmount"},{"ancestorTitles":["AuthContext","useAuth hook"],"duration":35,"failing":false,"failureDetails":[],"failureMessages":[],"fullName":"AuthContext useAuth hook should throw error when used outside AuthProvider","invocations":1,"location":null,"numPassingAsserts":1,"retryReasons":[],"startAt":1769783239401,"status":"passed","title":"should throw error when used outside AuthProvider"},{"ancestorTitles":["AuthContext","useAuth hook"],"duration":2,"failing":false,"failureDetails":[],"failureMessages":[],"fullName":"AuthContext useAuth hook should provide signInWithEmail method","invocations":1,"location":null,"numPassingAsserts":1,"retryReasons":[],"startAt":1769783239436,"status":"passed","title":"should provide signInWithEmail method"},{"ancestorTitles":["AuthContext","useAuth hook"],"duration":1,"failing":false,"failureDetails":[],"failureMessages":[],"fullName":"AuthContext useAuth hook should provide signUp method","invocations":1,"location":null,"numPassingAsserts":2,"retryReasons":[],"startAt":1769783239438,"status":"passed","title":"should provide signUp method"},{"ancestorTitles":["AuthContext","useAuth hook"],"duration":2,"failing":false,"failureDetails":[],"failureMessages":[],"fullName":"AuthContext useAuth hook should provide signInWithGoogle method","invocations":1,"location":null,"numPassingAsserts":1,"retryReasons":[],"startAt":1769783239439,"status":"passed","title":"should provide signInWithGoogle method"},{"ancestorTitles":["AuthContext","useAuth hook"],"duration":2,"failing":false,"failureDetails":[],"failureMessages":[],"fullName":"AuthContext useAuth hook should provide signOut method","invocations":1,"location":null,"numPassingAsserts":1,"retryReasons":[],"startAt":1769783239441,"status":"passed","title":"should provide signOut method"},{"ancestorTitles":["AuthContext","useAuth hook"],"duration":2,"failing":false,"failureDetails":[],"failureMessages":[],"fullName":"AuthContext useAuth hook should provide sendPasswordReset method","invocations":1,"location":null,"numPassingAsserts":1,"retryReasons":[],"startAt":1769783239443,"status":"passed","title":"should provide sendPasswordReset method"},{"ancestorTitles":["AuthContext","useAuth hook"],"duration":3,"failing":false,"failureDetails":[],"failureMessages":[],"fullName":"AuthContext useAuth hook should provide updateProfile method","invocations":1,"location":null,"numPassingAsserts":1,"retryReasons":[],"startAt":1769783239445,"status":"passed","title":"should provide updateProfile method"},{"ancestorTitles":["AuthContext","auth state updates"],"duration":2,"failing":false,"failureDetails":[],"failureMessages":[],"fullName":"AuthContext auth state updates should update state when auth changes","invocations":1,"location":null,"numPassingAsserts":3,"retryReasons":[],"startAt":1769783239448,"status":"passed","title":"should update state when auth changes"}],"endTime":1769783239451,"message":"","name":"C:\\Users\\user\\Cartify\\src\\__tests__\\AuthContext.test.tsx","startTime":1769783239277,"status":"passed","summary":""},{"assertionResults":[{"ancestorTitles":["SettingsScreen"],"duration":13,"failing":false,"failureDetails":[],"failureMessages":[],"fullName":"SettingsScreen renders key sections","invocations":1,"location":null,"numPassingAsserts":3,"retryReasons":[],"startAt":1769783239592,"status":"passed","title":"renders key sections"},{"ancestorTitles":["SettingsScreen"],"duration":8,"failing":false,"failureDetails":[],"failureMessages":[],"fullName":"SettingsScreen navigates to Help Center, Security, and Terms","invocations":1,"location":null,"numPassingAsserts":3,"retryReasons":[],"startAt":1769783239606,"status":"passed","title":"navigates to Help Center, Security, and Terms"}],"endTime":1769783239615,"message":"","name":"C:\\Users\\user\\Cartify\\src\\__tests__\\SettingsScreen.test.tsx","startTime":1769783239455,"status":"passed","summary":""},{"assertionResults":[{"ancestorTitles":["RootLayout"],"duration":7,"failing":false,"failureDetails":[],"failureMessages":[],"fullName":"RootLayout redirects unauthenticated users to onboarding","invocations":1,"location":null,"numPassingAsserts":1,"retryReasons":[],"startAt":1769783239736,"status":"passed","title":"redirects unauthenticated users to onboarding"}],"endTime":1769783239744,"message":"","name":"C:\\Users\\user\\Cartify\\src\\__tests__\\RootLayout.test.tsx","startTime":1769783239620,"status":"passed","summary":""},{"assertionResults":[{"ancestorTitles":["SecurityPrivacyScreen"],"duration":4,"failing":false,"failureDetails":[],"failureMessages":[],"fullName":"SecurityPrivacyScreen renders key content","invocations":1,"location":null,"numPassingAsserts":4,"retryReasons":[],"startAt":1769783239906,"status":"passed","title":"renders key content"},{"ancestorTitles":["SecurityPrivacyScreen"],"duration":2,"failing":false,"failureDetails":[],"failureMessages":[],"fullName":"SecurityPrivacyScreen navigates back when back button pressed","invocations":1,"location":null,"numPassingAsserts":1,"retryReasons":[],"startAt":1769783239911,"status":"passed","title":"navigates back when back button pressed"}],"endTime":1769783239913,"message":"","name":"C:\\Users\\user\\Cartify\\src\\__tests__\\SecurityPrivacyScreen.test.tsx","startTime":1769783239749,"status":"passed","summary":""},{"assertionResults":[{"ancestorTitles":["HomeScreen"],"duration":4,"failing":false,"failureDetails":[],"failureMessages":[],"fullName":"HomeScreen renders empty cart state","invocations":1,"location":null,"numPassingAsserts":2,"retryReasons":[],"startAt":1769783240040,"status":"passed","title":"renders empty cart state"}],"endTime":1769783240045,"message":"","name":"C:\\Users\\user\\Cartify\\src\\__tests__\\HomeScreen.test.tsx","startTime":1769783239918,"status":"passed","summary":""},{"assertionResults":[{"ancestorTitles":["ModalScreen"],"duration":3,"failing":false,"failureDetails":[],"failureMessages":[],"fullName":"ModalScreen renders modal content","invocations":1,"location":null,"numPassingAsserts":2,"retryReasons":[],"startAt":1769783240178,"status":"passed","title":"renders modal content"}],"endTime":1769783240182,"message":"","name":"C:\\Users\\user\\Cartify\\src\\__tests__\\ModalScreen.test.tsx","startTime":1769783240049,"status":"passed","summary":""},{"assertionResults":[{"ancestorTitles":["OnboardingPage"],"duration":6,"failing":false,"failureDetails":[],"failureMessages":[],"fullName":"OnboardingPage renders splash screen first","invocations":1,"location":null,"numPassingAsserts":1,"retryReasons":[],"startAt":1769783240291,"status":"passed","title":"renders splash screen first"},{"ancestorTitles":["OnboardingPage"],"duration":2,"failing":false,"failureDetails":[],"failureMessages":[],"fullName":"OnboardingPage navigates to auth when Get Started pressed","invocations":1,"location":null,"numPassingAsserts":1,"retryReasons":[],"startAt":1769783240298,"status":"passed","title":"navigates to auth when Get Started pressed"},{"ancestorTitles":["OnboardingPage"],"duration":1,"failing":false,"failureDetails":[],"failureMessages":[],"fullName":"OnboardingPage navigates to auth when Login pressed","invocations":1,"location":null,"numPassingAsserts":1,"retryReasons":[],"startAt":1769783240301,"status":"passed","title":"navigates to auth when Login pressed"}],"endTime":1769783240303,"message":"","name":"C:\\Users\\user\\Cartify\\src\\__tests__\\OnboardingPage.test.tsx","startTime":1769783240185,"status":"passed","summary":""},{"assertionResults":[{"ancestorTitles":["TermsPolicyScreen"],"duration":7,"failing":false,"failureDetails":[],"failureMessages":[],"fullName":"TermsPolicyScreen renders key content","invocations":1,"location":null,"numPassingAsserts":4,"retryReasons":[],"startAt":1769783240435,"status":"passed","title":"renders key content"},{"ancestorTitles":["TermsPolicyScreen"],"duration":2,"failing":false,"failureDetails":[],"failureMessages":[],"fullName":"TermsPolicyScreen navigates back when back button pressed","invocations":1,"location":null,"numPassingAsserts":1,"retryReasons":[],"startAt":1769783240442,"status":"passed","title":"navigates back when back button pressed"}],"endTime":1769783240444,"message":"","name":"C:\\Users\\user\\Cartify\\src\\__tests__\\TermsPolicyScreen.test.tsx","startTime":1769783240307,"status":"passed","summary":""},{"assertionResults":[{"ancestorTitles":["HelpCenterScreen"],"duration":8,"failing":false,"failureDetails":[],"failureMessages":[],"fullName":"HelpCenterScreen renders key content","invocations":1,"location":null,"numPassingAsserts":5,"retryReasons":[],"startAt":1769783240555,"status":"passed","title":"renders key content"},{"ancestorTitles":["HelpCenterScreen"],"duration":3,"failing":false,"failureDetails":[],"failureMessages":[],"fullName":"HelpCenterScreen navigates back when back button pressed","invocations":1,"location":null,"numPassingAsserts":1,"retryReasons":[],"startAt":1769783240563,"status":"passed","title":"navigates back when back button pressed"}],"endTime":1769783240567,"message":"","name":"C:\\Users\\user\\Cartify\\src\\__tests__\\HelpCenterScreen.test.tsx","startTime":1769783240449,"status":"passed","summary":""},{"assertionResults":[{"ancestorTitles":["TabLayout"],"duration":7,"failing":false,"failureDetails":[],"failureMessages":[],"fullName":"TabLayout registers expected tabs","invocations":1,"location":null,"numPassingAsserts":1,"retryReasons":[],"startAt":1769783240678,"status":"passed","title":"registers expected tabs"}],"endTime":1769783240686,"message":"","name":"C:\\Users\\user\\Cartify\\src\\__tests__\\TabsLayout.test.tsx","startTime":1769783240571,"status":"passed","summary":""},{"assertionResults":[{"ancestorTitles":["Auth Validation Helpers","validateEmail","valid emails"],"duration":1,"failing":false,"failureDetails":[],"failureMessages":[],"fullName":"Auth Validation Helpers validateEmail valid emails should return true for valid email: user@example.com","invocations":1,"location":null,"numPassingAsserts":1,"retryReasons":[],"startAt":1769783240756,"status":"passed","title":"should return true for valid email: user@example.com"},{"ancestorTitles":["Auth Validation Helpers","validateEmail","valid emails"],"duration":0,"failing":false,"failureDetails":[],"failureMessages":[],"fullName":"Auth Validation Helpers validateEmail valid emails should return true for valid email: user.name@example.com","invocations":1,"location":null,"numPassingAsserts":1,"retryReasons":[],"startAt":1769783240757,"status":"passed","title":"should return true for valid email: user.name@example.com"},{"ancestorTitles":["Auth Validation Helpers","validateEmail","valid emails"],"duration":1,"failing":false,"failureDetails":[],"failureMessages":[],"fullName":"Auth Validation Helpers validateEmail valid emails should return true for valid email: user+tag@example.com","invocations":1,"location":null,"numPassingAsserts":1,"retryReasons":[],"startAt":1769783240757,"status":"passed","title":"should return true for valid email: user+tag@example.com"},{"ancestorTitles":["Auth Validation Helpers","validateEmail","valid emails"],"duration":0,"failing":false,"failureDetails":[],"failureMessages":[],"fullName":"Auth Validation Helpers validateEmail valid emails should return true for valid email: user@subdomain.example.com","invocations":1,"location":null,"numPassingAsserts":1,"retryReasons":[],"startAt":1769783240758,"status":"passed","title":"should return true for valid email: user@subdomain.example.com"},{"ancestorTitles":["Auth Validation Helpers","validateEmail","valid emails"],"duration":1,"failing":false,"failureDetails":[],"failureMessages":[],"fullName":"Auth Validation Helpers validateEmail valid emails should return true for valid email: user123@example.co.id","invocations":1,"location":null,"numPassingAsserts":1,"retryReasons":[],"startAt":1769783240758,"status":"passed","title":"should return true for valid email: user123@example.co.id"},{"ancestorTitles":["Auth Validation Helpers","validateEmail","valid emails"],"duration":0,"failing":false,"failureDetails":[],"failureMessages":[],"fullName":"Auth Validation Helpers validateEmail valid emails should return true for valid email: test@test.org","invocations":1,"location":null,"numPassingAsserts":1,"retryReasons":[],"startAt":1769783240759,"status":"passed","title":"should return true for valid email: test@test.org"},{"ancestorTitles":["Auth Validation Helpers","validateEmail","valid emails"],"duration":1,"failing":false,"failureDetails":[],"failureMessages":[],"fullName":"Auth Validation Helpers validateEmail valid emails should return true for valid email: a@b.co","invocations":1,"location":null,"numPassingAsserts":1,"retryReasons":[],"startAt":1769783240759,"status":"passed","title":"should return true for valid email: a@b.co"},{"ancestorTitles":["Auth Validation Helpers","validateEmail","invalid emails"],"duration":0,"failing":false,"failureDetails":[],"failureMessages":[],"fullName":"Auth Validation Helpers validateEmail invalid emails should return false for invalid email: \"\"","invocations":1,"location":null,"numPassingAsserts":1,"retryReasons":[],"startAt":1769783240760,"status":"passed","title":"should return false for invalid email: \"\""},{"ancestorTitles":["Auth Validation Helpers","validateEmail","invalid emails"],"duration":1,"failing":false,"failureDetails":[],"failureMessages":[],"fullName":"Auth Validation Helpers validateEmail invalid emails should return false for invalid email: \" \"","invocations":1,"location":null,"numPassingAsserts":1,"retryReasons":[],"startAt":1769783240760,"status":"passed","title":"should return false for invalid email: \" \""},{"ancestorTitles":["Auth Validation Helpers","validateEmail","invalid emails"],"duration":0,"failing":false,"failureDetails":[],"failureMessages":[],"fullName":"Auth Validation Helpers validateEmail invalid emails should return false for invalid email: \"invalid\"","invocations":1,"location":null,"numPassingAsserts":1,"retryReasons":[],"startAt":1769783240761,"status":"passed","title":"should return false for invalid email: \"invalid\""},{"ancestorTitles":["Auth Validation Helpers","validateEmail","invalid emails"],"duration":1,"failing":false,"failureDetails":[],"failureMessages":[],"fullName":"Auth Validation Helpers validateEmail invalid emails should return false for invalid email: \"invalid@\"","invocations":1,"location":null,"numPassingAsserts":1,"retryReasons":[],"startAt":1769783240761,"status":"passed","title":"should return false for invalid email: \"invalid@\""},{"ancestorTitles":["Auth Validation Helpers","validateEmail","invalid emails"],"duration":0,"failing":false,"failureDetails":[],"failureMessages":[],"fullName":"Auth Validation Helpers validateEmail invalid emails should return false for invalid email: \"@example.com\"","invocations":1,"location":null,"numPassingAsserts":1,"retryReasons":[],"startAt":1769783240762,"status":"passed","title":"should return false for invalid email: \"@example.com\""},{"ancestorTitles":["Auth Validation Helpers","validateEmail","invalid emails"],"duration":1,"failing":false,"failureDetails":[],"failureMessages":[],"fullName":"Auth Validation Helpers validateEmail invalid emails should return false for invalid email: \"user@.com\"","invocations":1,"location":null,"numPassingAsserts":1,"retryReasons":[],"startAt":1769783240762,"status":"passed","title":"should return false for invalid email: \"user@.com\""},{"ancestorTitles":["Auth Validation Helpers","validateEmail","invalid emails"],"duration":0,"failing":false,"failureDetails":[],"failureMessages":[],"fullName":"Auth Validation Helpers validateEmail invalid emails should return false for invalid email: \"user@example\"","invocations":1,"location":null,"numPassingAsserts":1,"retryReasons":[],"startAt":1769783240763,"status":"passed","title":"should return false for invalid email: \"user@example\""},{"ancestorTitles":["Auth Validation Helpers","validateEmail","invalid emails"],"duration":1,"failing":false,"failureDetails":[],"failureMessages":[],"fullName":"Auth Validation Helpers validateEmail invalid emails should return false for invalid email: \"user @example.com\"","invocations":1,"location":null,"numPassingAsserts":1,"retryReasons":[],"startAt":1769783240763,"status":"passed","title":"should return false for invalid email: \"user @example.com\""},{"ancestorTitles":["Auth Validation Helpers","validateEmail","invalid emails"],"duration":3,"failing":false,"failureDetails":[],"failureMessages":[],"fullName":"Auth Validation Helpers validateEmail invalid emails should return false for invalid email: \"user@ example.com\"","invocations":1,"location":null,"numPassingAsserts":1,"retryReasons":[],"startAt":1769783240765,"status":"passed","title":"should return false for invalid email: \"user@ example.com\""},{"ancestorTitles":["Auth Validation Helpers","validateEmail","invalid emails"],"duration":0,"failing":false,"failureDetails":[],"failureMessages":[],"fullName":"Auth Validation Helpers validateEmail invalid emails should return false for invalid email: \"user@example .com\"","invocations":1,"location":null,"numPassingAsserts":1,"retryReasons":[],"startAt":1769783240769,"status":"passed","title":"should return false for invalid email: \"user@example .com\""},{"ancestorTitles":["Auth Validation Helpers","validateEmail","invalid emails"],"duration":1,"failing":false,"failureDetails":[],"failureMessages":[],"fullName":"Auth Validation Helpers validateEmail invalid emails should return false for invalid email: \"user@@example.com\"","invocations":1,"location":null,"numPassingAsserts":1,"retryReasons":[],"startAt":1769783240769,"status":"passed","title":"should return false for invalid email: \"user@@example.com\""},{"ancestorTitles":["Auth Validation Helpers","validatePassword","valid passwords"],"duration":1,"failing":false,"failureDetails":[],"failureMessages":[],"fullName":"Auth Validation Helpers validatePassword valid passwords should validate password: Password1","invocations":1,"location":null,"numPassingAsserts":2,"retryReasons":[],"startAt":1769783240770,"status":"passed","title":"should validate password: Password1"},{"ancestorTitles":["Auth Validation Helpers","validatePassword","valid passwords"],"duration":1,"failing":false,"failureDetails":[],"failureMessages":[],"fullName":"Auth Validation Helpers validatePassword valid passwords should validate password: MySecure123","invocations":1,"location":null,"numPassingAsserts":2,"retryReasons":[],"startAt":1769783240771,"status":"passed","title":"should validate password: MySecure123"},{"ancestorTitles":["Auth Validation Helpers","validatePassword","valid passwords"],"duration":0,"failing":false,"failureDetails":[],"failureMessages":[],"fullName":"Auth Validation Helpers validatePassword valid passwords should validate password: Test1234","invocations":1,"location":null,"numPassingAsserts":2,"retryReasons":[],"startAt":1769783240772,"status":"passed","title":"should validate password: Test1234"},{"ancestorTitles":["Auth Validation Helpers","validatePassword","valid passwords"],"duration":0,"failing":false,"failureDetails":[],"failureMessages":[],"fullName":"Auth Validation Helpers validatePassword valid passwords should validate password: AbCdEf12","invocations":1,"location":null,"numPassingAsserts":2,"retryReasons":[],"startAt":1769783240773,"status":"passed","title":"should validate password: AbCdEf12"},{"ancestorTitles":["Auth Validation Helpers","validatePassword","valid passwords"],"duration":0,"failing":false,"failureDetails":[],"failureMessages":[],"fullName":"Auth Validation Helpers validatePassword valid passwords should validate password: StrongP@ss1","invocations":1,"location":null,"numPassingAsserts":2,"retryReasons":[],"startAt":1769783240773,"status":"passed","title":"should validate password: StrongP@ss1"},{"ancestorTitles":["Auth Validation Helpers","validatePassword","valid passwords"],"duration":0,"failing":false,"failureDetails":[],"failureMessages":[],"fullName":"Auth Validation Helpers validatePassword valid passwords should validate password: ValidPassword123","invocations":1,"location":null,"numPassingAsserts":2,"retryReasons":[],"startAt":1769783240774,"status":"passed","title":"should validate password: ValidPassword123"},{"ancestorTitles":["Auth Validation Helpers","validatePassword","invalid passwords"],"duration":1,"failing":false,"failureDetails":[],"failureMessages":[],"fullName":"Auth Validation Helpers validatePassword invalid passwords should fail for password shorter than 8 characters","invocations":1,"location":null,"numPassingAsserts":2,"retryReasons":[],"startAt":1769783240774,"status":"passed","title":"should fail for password shorter than 8 characters"},{"ancestorTitles":["Auth Validation Helpers","validatePassword","invalid passwords"],"duration":1,"failing":false,"failureDetails":[],"failureMessages":[],"fullName":"Auth Validation Helpers validatePassword invalid passwords should fail for password without uppercase letter","invocations":1,"location":null,"numPassingAsserts":2,"retryReasons":[],"startAt":1769783240775,"status":"passed","title":"should fail for password without uppercase letter"},{"ancestorTitles":["Auth Validation Helpers","validatePassword","invalid passwords"],"duration":0,"failing":false,"failureDetails":[],"failureMessages":[],"fullName":"Auth Validation Helpers validatePassword invalid passwords should fail for password without lowercase letter","invocations":1,"location":null,"numPassingAsserts":2,"retryReasons":[],"startAt":1769783240776,"status":"passed","title":"should fail for password without lowercase letter"},{"ancestorTitles":["Auth Validation Helpers","validatePassword","invalid passwords"],"duration":1,"failing":false,"failureDetails":[],"failureMessages":[],"fullName":"Auth Validation Helpers validatePassword invalid passwords should fail for password without number","invocations":1,"location":null,"numPassingAsserts":2,"retryReasons":[],"startAt":1769783240776,"status":"passed","title":"should fail for password without number"},{"ancestorTitles":["Auth Validation Helpers","validatePassword","invalid passwords"],"duration":0,"failing":false,"failureDetails":[],"failureMessages":[],"fullName":"Auth Validation Helpers validatePassword invalid passwords should return multiple errors for password failing all criteria","invocations":1,"location":null,"numPassingAsserts":2,"retryReasons":[],"startAt":1769783240777,"status":"passed","title":"should return multiple errors for password failing all criteria"},{"ancestorTitles":["Auth Validation Helpers","validatePassword"],"duration":0,"failing":false,"failureDetails":[],"failureMessages":[],"fullName":"Auth Validation Helpers validatePassword should handle empty password","invocations":1,"location":null,"numPassingAsserts":2,"retryReasons":[],"startAt":1769783240778,"status":"passed","title":"should handle empty password"},{"ancestorTitles":["Auth Validation Helpers","validatePassword"],"duration":1,"failing":false,"failureDetails":[],"failureMessages":[],"fullName":"Auth Validation Helpers validatePassword should handle exactly 8 character password","invocations":1,"location":null,"numPassingAsserts":1,"retryReasons":[],"startAt":1769783240778,"status":"passed","title":"should handle exactly 8 character password"},{"ancestorTitles":["Auth Validation Helpers","validateFullName","valid names"],"duration":1,"failing":false,"failureDetails":[],"failureMessages":[],"fullName":"Auth Validation Helpers validateFullName valid names should return true for valid name: \"John Doe\"","invocations":1,"location":null,"numPassingAsserts":1,"retryReasons":[],"startAt":1769783240779,"status":"passed","title":"should return true for valid name: \"John Doe\""},{"ancestorTitles":["Auth Validation Helpers","validateFullName","valid names"],"duration":0,"failing":false,"failureDetails":[],"failureMessages":[],"fullName":"Auth Validation Helpers validateFullName valid names should return true for valid name: \"Jo\"","invocations":1,"location":null,"numPassingAsserts":1,"retryReasons":[],"startAt":1769783240780,"status":"passed","title":"should return true for valid name: \"Jo\""},{"ancestorTitles":["Auth Validation Helpers","validateFullName","valid names"],"duration":1,"failing":false,"failureDetails":[],"failureMessages":[],"fullName":"Auth Validation Helpers validateFullName valid names should return true for valid name: \"Alice\"","invocations":1,"location":null,"numPassingAsserts":1,"retryReasons":[],"startAt":1769783240780,"status":"passed","title":"should return true for valid name: \"Alice\""},{"ancestorTitles":["Auth Validation Helpers","validateFullName","valid names"],"duration":1,"failing":false,"failureDetails":[],"failureMessages":[],"fullName":"Auth Validation Helpers validateFullName valid names should return true for valid name: \"Bob Smith Jr\"","invocations":1,"location":null,"numPassingAsserts":1,"retryReasons":[],"startAt":1769783240781,"status":"passed","title":"should return true for valid name: \"Bob Smith Jr\""},{"ancestorTitles":["Auth Validation Helpers","validateFullName","valid names"],"duration":1,"failing":false,"failureDetails":[],"failureMessages":[],"fullName":"Auth Validation Helpers validateFullName valid names should return true for valid name: \"María García\"","invocations":1,"location":null,"numPassingAsserts":1,"retryReasons":[],"startAt":1769783240782,"status":"passed","title":"should return true for valid name: \"María García\""},{"ancestorTitles":["Auth Validation Helpers","validateFullName","valid names"],"duration":0,"failing":false,"failureDetails":[],"failureMessages":[],"fullName":"Auth Validation Helpers validateFullName valid names should return true for valid name: \"أحمد\"","invocations":1,"location":null,"numPassingAsserts":1,"retryReasons":[],"startAt":1769783240783,"status":"passed","title":"should return true for valid name: \"أحمد\""},{"ancestorTitles":["Auth Validation Helpers","validateFullName","valid names"],"duration":1,"failing":false,"failureDetails":[],"failureMessages":[],"fullName":"Auth Validation Helpers validateFullName valid names should return true for valid name: \"田中太郎\"","invocations":1,"location":null,"numPassingAsserts":1,"retryReasons":[],"startAt":1769783240783,"status":"passed","title":"should return true for valid name: \"田中太郎\""},{"ancestorTitles":["Auth Validation Helpers","validateFullName","invalid names"],"duration":0,"failing":false,"failureDetails":[],"failureMessages":[],"fullName":"Auth Validation Helpers validateFullName invalid names should return false for invalid name: \"\"","invocations":1,"location":null,"numPassingAsserts":1,"retryReasons":[],"startAt":1769783240784,"status":"passed","title":"should return false for invalid name: \"\""},{"ancestorTitles":["Auth Validation Helpers","validateFullName","invalid names"],"duration":1,"failing":false,"failureDetails":[],"failureMessages":[],"fullName":"Auth Validation Helpers validateFullName invalid names should return false for invalid name: \" \"","invocations":1,"location":null,"numPassingAsserts":1,"retryReasons":[],"startAt":1769783240784,"status":"passed","title":"should return false for invalid name: \" \""},{"ancestorTitles":["Auth Validation Helpers","validateFullName","invalid names"],"duration":0,"failing":false,"failureDetails":[],"failureMessages":[],"fullName":"Auth Validation Helpers validateFullName invalid names should return false for invalid name: \"A\"","invocations":1,"location":null,"numPassingAsserts":1,"retryReasons":[],"startAt":1769783240785,"status":"passed","title":"should return false for invalid name: \"A\""},{"ancestorTitles":["Auth Validation Helpers","validateFullName","invalid names"],"duration":1,"failing":false,"failureDetails":[],"failureMessages":[],"fullName":"Auth Validation Helpers validateFullName invalid names should return false for invalid name: \"  \"","invocations":1,"location":null,"numPassingAsserts":1,"retryReasons":[],"startAt":1769783240785,"status":"passed","title":"should return false for invalid name: \"  \""},{"ancestorTitles":["Auth Validation Helpers","validateFullName"],"duration":0,"failing":false,"failureDetails":[],"failureMessages":[],"fullName":"Auth Validation Helpers validateFullName should trim whitespace before validation","invocations":1,"location":null,"numPassingAsserts":2,"retryReasons":[],"startAt":1769783240786,"status":"passed","title":"should trim whitespace before validation"}],"endTime":1769783240788,"message":"","name":"C:\\Users\\user\\Cartify\\src\\types\\__tests__\\auth.test.ts","startTime":1769783240690,"status":"passed","summary":""},{"assertionResults":[{"ancestorTitles":["Password Strength Calculator","weak passwords"],"duration":1,"failing":false,"failureDetails":[],"failureMessages":[],"fullName":"Password Strength Calculator weak passwords should rate empty password as 0 strength","invocations":1,"location":null,"numPassingAsserts":2,"retryReasons":[],"startAt":1769783240879,"status":"passed","title":"should rate empty password as 0 strength"},{"ancestorTitles":["Password Strength Calculator","weak passwords"],"duration":1,"failing":false,"failureDetails":[],"failureMessages":[],"fullName":"Password Strength Calculator weak passwords should rate very short password as weak","invocations":1,"location":null,"numPassingAsserts":2,"retryReasons":[],"startAt":1769783240880,"status":"passed","title":"should rate very short password as weak"},{"ancestorTitles":["Password Strength Calculator","weak passwords"],"duration":1,"failing":false,"failureDetails":[],"failureMessages":[],"fullName":"Password Strength Calculator weak passwords should rate simple lowercase password as weak","invocations":1,"location":null,"numPassingAsserts":1,"retryReasons":[],"startAt":1769783240881,"status":"passed","title":"should rate simple lowercase password as weak"},{"ancestorTitles":["Password Strength Calculator","medium strength passwords"],"duration":0,"failing":false,"failureDetails":[],"failureMessages":[],"fullName":"Password Strength Calculator medium strength passwords should rate password with letters and numbers as medium","invocations":1,"location":null,"numPassingAsserts":2,"retryReasons":[],"startAt":1769783240883,"status":"passed","title":"should rate password with letters and numbers as medium"},{"ancestorTitles":["Password Strength Calculator","medium strength passwords"],"duration":0,"failing":false,"failureDetails":[],"failureMessages":[],"fullName":"Password Strength Calculator medium strength passwords should rate password with mixed case as medium","invocations":1,"location":null,"numPassingAsserts":1,"retryReasons":[],"startAt":1769783240884,"status":"passed","title":"should rate password with mixed case as medium"},{"ancestorTitles":["Password Strength Calculator","strong passwords"],"duration":0,"failing":false,"failureDetails":[],"failureMessages":[],"fullName":"Password Strength Calculator strong passwords should rate password with all criteria as strong","invocations":1,"location":null,"numPassingAsserts":2,"retryReasons":[],"startAt":1769783240885,"status":"passed","title":"should rate password with all criteria as strong"},{"ancestorTitles":["Password Strength Calculator","strong passwords"],"duration":1,"failing":false,"failureDetails":[],"failureMessages":[],"fullName":"Password Strength Calculator strong passwords should rate long complex password as very strong","invocations":1,"location":null,"numPassingAsserts":2,"retryReasons":[],"startAt":1769783240885,"status":"passed","title":"should rate long complex password as very strong"},{"ancestorTitles":["Password Strength Calculator","requirements validation"],"duration":1,"failing":false,"failureDetails":[],"failureMessages":[],"fullName":"Password Strength Calculator requirements validation should detect length requirement","invocations":1,"location":null,"numPassingAsserts":2,"retryReasons":[],"startAt":1769783240886,"status":"passed","title":"should detect length requirement"},{"ancestorTitles":["Password Strength Calculator","requirements validation"],"duration":0,"failing":false,"failureDetails":[],"failureMessages":[],"fullName":"Password Strength Calculator requirements validation should detect uppercase requirement","invocations":1,"location":null,"numPassingAsserts":2,"retryReasons":[],"startAt":1769783240887,"status":"passed","title":"should detect uppercase requirement"},{"ancestorTitles":["Password Strength Calculator","requirements validation"],"duration":1,"failing":false,"failureDetails":[],"failureMessages":[],"fullName":"Password Strength Calculator requirements validation should detect lowercase requirement","invocations":1,"location":null,"numPassingAsserts":2,"retryReasons":[],"startAt":1769783240887,"status":"passed","title":"should detect lowercase requirement"},{"ancestorTitles":["Password Strength Calculator","requirements validation"],"duration":1,"failing":false,"failureDetails":[],"failureMessages":[],"fullName":"Password Strength Calculator requirements validation should detect number requirement","invocations":1,"location":null,"numPassingAsserts":2,"retryReasons":[],"startAt":1769783240888,"status":"passed","title":"should detect number requirement"},{"ancestorTitles":["Password Strength Calculator","requirements validation"],"duration":0,"failing":false,"failureDetails":[],"failureMessages":[],"fullName":"Password Strength Calculator requirements validation should detect special character requirement","invocations":1,"location":null,"numPassingAsserts":2,"retryReasons":[],"startAt":1769783240889,"status":"passed","title":"should detect special character requirement"},{"ancestorTitles":["Password Strength Calculator","color coding"],"duration":0,"failing":false,"failureDetails":[],"failureMessages":[],"fullName":"Password Strength Calculator color coding should return red color for weak passwords","invocations":1,"location":null,"numPassingAsserts":1,"retryReasons":[],"startAt":1769783240890,"status":"passed","title":"should return red color for weak passwords"},{"ancestorTitles":["Password Strength Calculator","color coding"],"duration":0,"failing":false,"failureDetails":[],"failureMessages":[],"fullName":"Password Strength Calculator color coding should return orange color for fair passwords","invocations":1,"location":null,"numPassingAsserts":1,"retryReasons":[],"startAt":1769783240891,"status":"passed","title":"should return orange color for fair passwords"},{"ancestorTitles":["Password Strength Calculator","color coding"],"duration":0,"failing":false,"failureDetails":[],"failureMessages":[],"fullName":"Password Strength Calculator color coding should return green color for strong passwords","invocations":1,"location":null,"numPassingAsserts":1,"retryReasons":[],"startAt":1769783240892,"status":"passed","title":"should return green color for strong passwords"},{"ancestorTitles":["Password Strength Calculator","edge cases"],"duration":1,"failing":false,"failureDetails":[],"failureMessages":[],"fullName":"Password Strength Calculator edge cases should handle special characters correctly","invocations":1,"location":null,"numPassingAsserts":1,"retryReasons":[],"startAt":1769783240892,"status":"passed","title":"should handle special characters correctly"},{"ancestorTitles":["Password Strength Calculator","edge cases"],"duration":1,"failing":false,"failureDetails":[],"failureMessages":[],"fullName":"Password Strength Calculator edge cases should handle unicode characters","invocations":1,"location":null,"numPassingAsserts":1,"retryReasons":[],"startAt":1769783240893,"status":"passed","title":"should handle unicode characters"},{"ancestorTitles":["Password Strength Calculator","edge cases"],"duration":0,"failing":false,"failureDetails":[],"failureMessages":[],"fullName":"Password Strength Calculator edge cases should handle very long passwords","invocations":1,"location":null,"numPassingAsserts":1,"retryReasons":[],"startAt":1769783240894,"status":"passed","title":"should handle very long passwords"}],"endTime":1769783240895,"message":"","name":"C:\\Users\\user\\Cartify\\src\\components\\auth\\__tests__\\PasswordStrength.test.ts","startTime":1769783240794,"status":"passed","summary":""}],"wasInterrupted":false}
